<?xml version="1.0" encoding="UTF-8"?>
<!-- Generated by org.testng.reporters.JUnitXMLReporter -->
<testsuite hostname="DESKTOP-210GM47" ignored="0" name="Test2" tests="2" failures="2" timestamp="2022-05-05T19:24:43 IST" time="43.376" errors="0">
  <testcase name="getHeader" time="0.025" classname="selenium.AssertionValidation">
    <failure type="java.lang.NullPointerException">
      <![CDATA[java.lang.NullPointerException
at selenium.AssertionValidation.getHeader(AssertionValidation.java:47)
at java.util.ArrayList.forEach(ArrayList.java:1257)
at java.util.concurrent.FutureTask.run(FutureTask.java:266)
at java.util.concurrent.ThreadPoolExecutor.runWorker(ThreadPoolExecutor.java:1149)
at java.util.concurrent.ThreadPoolExecutor$Worker.run(ThreadPoolExecutor.java:624)
at java.lang.Thread.run(Thread.java:748)
... Removed 18 stack frames]]>
    </failure>
  </testcase> <!-- getHeader -->
  <testcase name="getTitle" time="0.054" classname="selenium.AssertionValidation">
    <failure type="java.lang.AssertionError" message="expected [FEATURE COURSES] but found [FEATURED COURSES]">
      <![CDATA[java.lang.AssertionError: expected [FEATURE COURSES] but found [FEATURED COURSES]
at selenium.AssertionValidation.getTitle(AssertionValidation.java:39)
at java.util.ArrayList.forEach(ArrayList.java:1257)
at java.util.concurrent.FutureTask.run(FutureTask.java:266)
at java.util.concurrent.ThreadPoolExecutor.runWorker(ThreadPoolExecutor.java:1149)
at java.util.concurrent.ThreadPoolExecutor$Worker.run(ThreadPoolExecutor.java:624)
at java.lang.Thread.run(Thread.java:748)
... Removed 24 stack frames]]>
    </failure>
  </testcase> <!-- getTitle -->
</testsuite> <!-- Test2 -->
