<?xml version="1.0" encoding="UTF-8"?>
<!-- Generated by org.testng.reporters.JUnitXMLReporter -->
<testsuite hostname="DESKTOP-210GM47" ignored="0" name="Test" tests="4" failures="2" timestamp="2022-12-29T14:00:53 IST" time="73.097" errors="0">
  <testcase name="f" time="7.762" classname="selenium.TestCase"/>
  <testcase name="f" time="4.011" classname="selenium.TestCase"/>
  <testcase name="getHeader" time="0.001" classname="selenium.AssertionValidation">
    <failure type="java.lang.NullPointerException">
      <![CDATA[java.lang.NullPointerException
at selenium.AssertionValidation.getHeader(AssertionValidation.java:47)
at java.util.ArrayList.forEach(ArrayList.java:1257)
... Removed 27 stack frames]]>
    </failure>
  </testcase> <!-- getHeader -->
  <testcase name="getTitle" time="0.083" classname="selenium.AssertionValidation">
    <failure type="java.lang.AssertionError" message="expected [FEATURE COURSES] but found [FEATURED COURSES]">
      <![CDATA[java.lang.AssertionError: expected [FEATURE COURSES] but found [FEATURED COURSES]
at selenium.AssertionValidation.getTitle(AssertionValidation.java:39)
at java.util.ArrayList.forEach(ArrayList.java:1257)
... Removed 33 stack frames]]>
    </failure>
  </testcase> <!-- getTitle -->
</testsuite> <!-- Test -->
