<?xml version="1.0" encoding="UTF-8"?>
<!-- Generated by org.testng.reporters.JUnitXMLReporter -->
<testsuite hostname="DESKTOP-210GM47" ignored="0" name="Test" tests="4" failures="2" timestamp="2022-12-29T15:12:17 IST" time="27.641" errors="0">
  <testcase name="f" time="8.3" classname="selenium.TestCase"/>
  <testcase name="f" time="4.543" classname="selenium.TestCase"/>
  <testcase name="getHeader" time="0.0" classname="selenium.AssertionValidation">
    <failure type="java.lang.NullPointerException">
      <![CDATA[java.lang.NullPointerException
at selenium.AssertionValidation.getHeader(AssertionValidation.java:47)
at java.util.ArrayList.forEach(ArrayList.java:1257)
... Removed 31 stack frames]]>
    </failure>
  </testcase> <!-- getHeader -->
  <testcase name="getTitle" time="0.057" classname="selenium.AssertionValidation">
    <failure type="java.lang.AssertionError" message="expected [FEATURE COURSES] but found [FEATURED COURSES]">
      <![CDATA[java.lang.AssertionError: expected [FEATURE COURSES] but found [FEATURED COURSES]
at selenium.AssertionValidation.getTitle(AssertionValidation.java:39)
at java.util.ArrayList.forEach(ArrayList.java:1257)
... Removed 37 stack frames]]>
    </failure>
  </testcase> <!-- getTitle -->
</testsuite> <!-- Test -->
